Build started 4/23/2019 12:37:43 PM.
     1>Project "X:\Desktop\Computer-graphics\OpenGL_3D\OpenGL_3D\OpenGL_3D\OpenGL_3D.vcxproj" on node 2 (build target(s)).
     1>InitializeBuildStatus:
         Creating "Debug\OpenGL_3D.unsuccessfulbuild" because "AlwaysCreate" was specified.
       GenerateTargetFrameworkMonikerAttribute:
       Skipping target "GenerateTargetFrameworkMonikerAttribute" because all output files are up-to-date with respect to the input files.
       ClCompile:
         All outputs are up-to-date.
         c:\Program Files (x86)\Microsoft Visual Studio 10.0\VC\bin\CL.exe /c /AI"C:\Program Files (x86)\Reference Assemblies\Microsoft\Framework\.NETFramework\v4.0" /Zi /clr:pure /nologo /W3 /WX- /Od /Oy- /D WIN32 /D _DEBUG /D _UNICODE /D UNICODE /EHa /MDd /GS /fp:precise /Zc:wchar_t /Zc:forScope /Yu"StdAfx.h" /Fp"Debug\OpenGL_3D.pch" /Fo"Debug\\" /Fd"Debug\vc100.pdb" /TP /FU"C:\Program Files (x86)\Reference Assemblies\Microsoft\Framework\.NETFramework\v4.0\System.Core.dll" /FU"C:\Program Files (x86)\Reference Assemblies\Microsoft\Framework\.NETFramework\v4.0\System.Data.dll" /FU"C:\Program Files (x86)\Reference Assemblies\Microsoft\Framework\.NETFramework\v4.0\System.dll" /FU"C:\Program Files (x86)\Reference Assemblies\Microsoft\Framework\.NETFramework\v4.0\System.Drawing.dll" /FU"C:\Program Files (x86)\Reference Assemblies\Microsoft\Framework\.NETFramework\v4.0\System.Windows.Forms.dll" /FU"C:\Program Files (x86)\Reference Assemblies\Microsoft\Framework\.NETFramework\v4.0\System.Xml.dll" /analyze- /errorReport:prompt OpenGL_3D.cpp /clr:nostdlib 
         OpenGL_3D.cpp
     1>x:\desktop\computer-graphics\opengl_3d\opengl_3d\opengl_3d\Form1.h(29): error C2143: syntax error : missing ')' before 'constant'
     1>x:\desktop\computer-graphics\opengl_3d\opengl_3d\opengl_3d\Form1.h(29): error C2661: 'OpenGLForm::Create_OpenGL::Create_OpenGL' : no overloaded function takes 4 arguments
     1>x:\desktop\computer-graphics\opengl_3d\opengl_3d\opengl_3d\Form1.h(29): error C2143: syntax error : missing ';' before 'constant'
     1>x:\desktop\computer-graphics\opengl_3d\opengl_3d\opengl_3d\Form1.h(29): error C2059: syntax error : ')'
     1>Done Building Project "X:\Desktop\Computer-graphics\OpenGL_3D\OpenGL_3D\OpenGL_3D\OpenGL_3D.vcxproj" (build target(s)) -- FAILED.

Build FAILED.

Time Elapsed 00:00:01.00
